---
title: mysql optimization 업무 목록 API 속도 개선
date: 2025-04-09
slug: "/mysql/2025-04-03-mysql-optimized-taskAPI"
tags:
  - MYSQL
  - OPTIMIZED
  - 2025
---


# 배경
5초 이상 속도 지연되면 알림이 온다
자주 오는 알림중 업무 목록 API 속도를 개선하려고 한다

# 분석
1. 로그를 통해 쿼리를 확인하니
WHERE 절 out_id  IN 조건 값이 너무 많았다

2. EXPLAIN 실행하니 인덱스는 2개 있지만
collects 테이블에서 type ALL 으로 전체 스캔 하고 있으며 rows 92563건으로 많다
Using where 로 WHERE 조건으로 필터링중

3. EXPLAIN ANALYZE 실행
Filter 조건이 많고  실행 시간 오래 걸리는 가장 핵심적인 병목 구간 존재
> Table scan on collects  (cost=15236 rows=92568) (actual time=2.04..4482 rows=112417 loops=1)

* 실제로 4.4초 이상 소요됨
| 표현                | 의미                            | 단위     |
|---------------------|----------------------------------|----------|
| `actual time=2.04`  | 첫 결과 row까지 걸린 시간        | 밀리초   |
| `actual time=4482`  | 모든 row 처리 완료까지 걸린 시간 | 밀리초   |
| 차이 = 4480ms       | 총 소요 시간 (≈ 4.4초)            | 초로 환산 가능 |


# 개선 부분
1. donation_collects 테이블의 WHERE 조건들이 인덱스를 타도록 설계
 특히 basecamp_give_id
2. IN (  ...) 은 JOIN으로 변경? CTE(공통 테이블 식)로 JOIN?
IN (...)에 값이 너무 많으면 옵티마이저가 인덱스를 제대로 활용하지 못한데..??
WITH 키워드 사용해 basecamp_give_id 배열 테이블 만들고 조인해서 쿼리 비교 예정

